<?xml version="1.0" encoding="UTF-8"?>
<!-- Generated by org.testng.reporters.JUnitXMLReporter -->
<testsuite ignored="0" hostname="UKLONDLP66" failures="0" tests="4" name="Test" time="65.652" errors="0" timestamp="2020-02-18T11:38:04 GMT">
  <testcase classname="Jupitertoys.JupiterToysApplication" name="loginJupiterToys" time="15.701"/>
  <testcase classname="Jupitertoys.JupiterToysApplication" name="contactJupiterToys" time="22.194"/>
  <testcase classname="Jupitertoys.JupiterToysApplication" name="ShopJupiterToys" time="15.23"/>
  <testcase classname="Jupitertoys.JupiterToysApplication" name="invalidLoginJupiterToys" time="12.436"/>
</testsuite> <!-- Test -->
