<?xml version="1.0" encoding="UTF-8"?>
<testng-results ignored="0" total="1" passed="1" failed="0" skipped="0">
  <reporter-output>
  </reporter-output>
  <suite started-at="2020-02-14T19:22:37 GMT" name="Surefire suite" finished-at="2020-02-14T19:22:37 GMT" duration-ms="78">
    <groups>
    </groups>
    <test started-at="2020-02-14T19:22:37 GMT" name="Surefire test" finished-at="2020-02-14T19:22:37 GMT" duration-ms="78">
      <class name="Jupitertoys.testcase1Test">
        <test-method signature="f()[pri:0, instance:Jupitertoys.testcase1Test@1da51a35]" started-at="2020-02-14T19:22:37 GMT" name="f" finished-at="2020-02-14T19:22:37 GMT" duration-ms="8" status="PASS">
          <reporter-output>
          </reporter-output>
        </test-method> <!-- f -->
      </class> <!-- Jupitertoys.testcase1Test -->
    </test> <!-- Surefire test -->
  </suite> <!-- Surefire suite -->
</testng-results>
